2026-01-01 15:30:54,641 - trader.live.live_trader - INFO - Connected to Binance Testnet
2026-01-01 15:30:54,853 - trader.live.live_trader - INFO - Using override initial balance: $100.00
2026-01-01 15:30:54,853 - trader.live.live_trader - INFO - Initialized LiveTrader with balance: $100.00
2026-01-01 15:30:54,853 - trader.live.live_trader - INFO - Starting live trading...
2026-01-01 15:30:54,854 - trader.live.live_trader - INFO - Closing all positions and cancelling orders on startup...
2026-01-01 15:30:55,020 - trader.live.live_trader - INFO - No open orders to cancel
2026-01-01 15:30:55,170 - trader.live.live_trader - INFO - Found open position: 1.0 BTC
2026-01-01 15:30:55,303 - trader.live.live_trader - INFO - Closing position with market SELL order @ 87654.22
2026-01-01 15:30:55,447 - trader.live.live_trader - INFO - Placed market sell order 16764816, waiting for fill...
2026-01-01 15:30:55,582 - trader.live.live_trader - INFO - Position closed successfully. Order 16764816 filled.
2026-01-01 15:30:55,582 - trader.live.live_trader - INFO - Cleared position tracker
2026-01-01 15:30:55,583 - trader.live.live_trader - INFO - Reset trade state to IDLE
2026-01-01 15:30:55,583 - trader.live.live_trader - INFO - Position cleanup complete
2026-01-01 15:30:55,584 - trader.live.live_trader - INFO - Recovering state from Binance API...
2026-01-01 15:30:56,003 - trader.live.live_trader - INFO - State recovery complete: no existing positions or orders found (starting fresh)
2026-01-01 15:30:56,452 - trader.live.live_trader - WARNING - Failed to start dashboard: name 'Table' is not defined. Continuing without dashboard.
2026-01-01 15:30:58,457 - trader.live.live_trader - INFO - Live trading started. Waiting for signals...
2026-01-01 15:31:04,448 - trader.live.live_trader - INFO - Received interrupt signal, stopping...
2026-01-01 15:31:04,448 - trader.live.live_trader - INFO - Stopping live trading...
2026-01-01 15:32:30,943 - trader.live.live_trader - INFO - Connected to Binance Testnet
2026-01-01 15:32:31,124 - trader.live.live_trader - INFO - Using override initial balance: $100.00
2026-01-01 15:32:31,125 - trader.live.live_trader - INFO - Initialized LiveTrader with balance: $100.00
2026-01-01 15:32:31,125 - trader.live.live_trader - INFO - Starting live trading...
2026-01-01 15:32:31,126 - trader.live.live_trader - INFO - Closing all positions and cancelling orders on startup...
2026-01-01 15:32:31,266 - trader.live.live_trader - INFO - No open orders to cancel
2026-01-01 15:32:31,427 - trader.live.live_trader - INFO - No open positions to close
2026-01-01 15:32:31,427 - trader.live.live_trader - INFO - Cleared position tracker
2026-01-01 15:32:31,428 - trader.live.live_trader - INFO - Reset trade state to IDLE
2026-01-01 15:32:31,428 - trader.live.live_trader - INFO - Position cleanup complete
2026-01-01 15:32:31,447 - trader.live.live_trader - INFO - Recovering state from Binance API...
2026-01-01 15:32:32,043 - trader.live.live_trader - INFO - State recovery complete: no existing positions or orders found (starting fresh)
2026-01-01 15:32:32,627 - trader.live.live_trader - INFO - Dashboard started
2026-01-01 15:32:34,635 - trader.live.live_trader - INFO - Live trading started. Waiting for signals...
2026-01-01 20:09:29,638 - trader.live.live_trader - INFO - Connected to Binance Testnet
2026-01-01 20:10:32,085 - trader.live.live_trader - INFO - Connected to Binance Testnet
2026-01-01 20:10:32,298 - trader.live.live_trader - INFO - Using override initial balance: $100.00
2026-01-01 20:10:32,298 - trader.live.live_trader - INFO - Initialized LiveTrader with balance: $100.00
2026-01-01 20:10:32,299 - trader.live.live_trader - INFO - Starting live trading...
2026-01-01 20:10:32,299 - trader.live.live_trader - INFO - Closing all positions and cancelling orders on startup...
2026-01-01 20:10:32,440 - trader.live.live_trader - INFO - No open orders to cancel
2026-01-01 20:10:32,611 - trader.live.live_trader - INFO - No open positions to close
2026-01-01 20:10:32,613 - trader.live.live_trader - INFO - Cleared position tracker
2026-01-01 20:10:32,613 - trader.live.live_trader - INFO - Reset trade state to IDLE
2026-01-01 20:10:32,613 - trader.live.live_trader - INFO - Position cleanup complete
2026-01-01 20:10:32,614 - trader.live.live_trader - INFO - Recovering state from Binance API...
2026-01-01 20:10:33,075 - trader.live.live_trader - INFO - State recovery complete: no existing positions or orders found (starting fresh)
2026-01-01 20:10:33,874 - trader.live.live_trader - INFO - Dashboard started
2026-01-01 20:10:35,879 - trader.live.live_trader - INFO - Live trading started. Waiting for signals...
2026-01-01 20:10:38,218 - trader.live.live_trader - INFO - Received interrupt signal, stopping...
2026-01-01 20:10:38,221 - trader.live.live_trader - INFO - Stopping live trading...
